11:28:14 INFO  : Registering command handlers for SDK TCF services
11:28:15 INFO  : Launching XSCT server: xsct.bat -interactive F:\DMD_Projects\project_3\project_3.sdk\temp_xsdb_launch_script.tcl
11:28:17 INFO  : XSCT server has started successfully.
11:28:17 INFO  : Successfully done setting XSCT server connection channel  
11:28:17 INFO  : Processing command line option -hwspec F:/DMD_Projects/project_3/project_3.sdk/design_1_wrapper.hdf.
11:28:17 INFO  : Successfully done setting SDK workspace  
11:29:29 INFO  : Registering command handlers for SDK TCF services
11:29:30 INFO  : Launching XSCT server: xsct.bat -interactive F:\DMD_Projects\project_3\project_3.sdk\temp_xsdb_launch_script.tcl
11:29:32 INFO  : XSCT server has started successfully.
11:29:32 INFO  : Processing command line option -hwspec F:/DMD_Projects/project_3/project_3.sdk/design_1_wrapper.hdf.
11:29:32 INFO  : Successfully done setting XSCT server connection channel  
11:29:32 INFO  : Checking for hwspec changes in the project design_1_wrapper_hw_platform_0.
11:29:36 INFO  : Successfully done setting SDK workspace  
11:35:59 INFO  : Connected to target on host '127.0.0.1' and port '3121'.
11:36:00 INFO  : Jtag cable 'Digilent Zed 210248469733' is selected.
11:36:00 INFO  : 'jtag frequency' command is executed.
11:36:01 INFO  : Sourcing of 'F:/DMD_Projects/project_3/project_3.sdk/design_1_wrapper_hw_platform_0/ps7_init.tcl' is done.
11:36:01 INFO  : Context for 'APU' is selected.
11:36:01 INFO  : System reset is completed.
11:36:04 INFO  : 'after 3000' command is executed.
11:36:04 INFO  : 'targets -set -filter {jtag_cable_name =~ "Digilent Zed 210248469733" && level==0} -index 1' command is executed.
11:36:06 INFO  : FPGA configured successfully with bitstream "F:/DMD_Projects/project_3/project_3.sdk/design_1_wrapper_hw_platform_0/design_1_wrapper.bit"
11:36:06 INFO  : Context for 'APU' is selected.
11:36:06 INFO  : Hardware design information is loaded from 'F:/DMD_Projects/project_3/project_3.sdk/design_1_wrapper_hw_platform_0/system.hdf'.
11:36:06 INFO  : 'configparams force-mem-access 1' command is executed.
11:36:06 INFO  : Context for 'APU' is selected.
11:36:07 INFO  : 'ps7_init' command is executed.
11:36:07 INFO  : 'ps7_post_config' command is executed.
11:36:07 INFO  : 'configparams mdm-detect-bscan-mask 2' command is executed.
11:36:07 INFO  : Context for processor 'ps7_cortexa9_0' is selected.
11:36:07 INFO  : The application 'F:/DMD_Projects/project_3/project_3.sdk/ARM_TEST/Debug/ARM_TEST.elf' is downloaded to processor 'ps7_cortexa9_0'.
11:36:07 INFO  : 'configparams force-mem-access 0' command is executed.
11:36:07 INFO  : ----------------XSDB Script----------------
connect -url tcp:127.0.0.1:3121
source F:/DMD_Projects/project_3/project_3.sdk/design_1_wrapper_hw_platform_0/ps7_init.tcl
targets -set -nocase -filter {name =~"APU*" && jtag_cable_name =~ "Digilent Zed 210248469733"} -index 0
rst -system
after 3000
targets -set -filter {jtag_cable_name =~ "Digilent Zed 210248469733" && level==0} -index 1
fpga -file F:/DMD_Projects/project_3/project_3.sdk/design_1_wrapper_hw_platform_0/design_1_wrapper.bit
targets -set -nocase -filter {name =~"APU*" && jtag_cable_name =~ "Digilent Zed 210248469733"} -index 0
loadhw -hw F:/DMD_Projects/project_3/project_3.sdk/design_1_wrapper_hw_platform_0/system.hdf -mem-ranges [list {0x40000000 0xbfffffff}]
configparams force-mem-access 1
targets -set -nocase -filter {name =~"APU*" && jtag_cable_name =~ "Digilent Zed 210248469733"} -index 0
ps7_init
ps7_post_config
configparams mdm-detect-bscan-mask 2
targets -set -nocase -filter {name =~ "ARM*#0" && jtag_cable_name =~ "Digilent Zed 210248469733"} -index 0
dow F:/DMD_Projects/project_3/project_3.sdk/ARM_TEST/Debug/ARM_TEST.elf
configparams force-mem-access 0
----------------End of Script----------------

11:36:07 INFO  : Memory regions updated for context APU
11:36:07 INFO  : Memory regions updated for context PA
11:36:07 INFO  : Memory regions updated for context PA
11:36:07 INFO  : Context for processor 'ps7_cortexa9_0' is selected.
11:36:07 INFO  : 'con' command is executed.
11:36:07 INFO  : ----------------XSDB Script (After Launch)----------------
targets -set -nocase -filter {name =~ "ARM*#0" && jtag_cable_name =~ "Digilent Zed 210248469733"} -index 0
con
----------------End of Script----------------

11:36:07 INFO  : Launch script is exported to file 'F:\DMD_Projects\project_3\project_3.sdk\.sdk\launch_scripts\xilinx_c-c++_application_(system_debugger)\system_debugger_using_debug_arm_test.elf_on_local.tcl'
11:37:57 INFO  : Disconnected from the channel tcfchan#1.
11:38:42 INFO  : Refreshed build settings on project ARM_TEST
11:39:14 INFO  : Connected to target on host '127.0.0.1' and port '3121'.
11:39:14 INFO  : Jtag cable 'Digilent Zed 210248469733' is selected.
11:39:14 INFO  : 'jtag frequency' command is executed.
11:39:14 INFO  : Sourcing of 'F:/DMD_Projects/project_3/project_3.sdk/design_1_wrapper_hw_platform_0/ps7_init.tcl' is done.
11:39:14 INFO  : Context for 'APU' is selected.
11:39:14 INFO  : System reset is completed.
11:39:17 INFO  : 'after 3000' command is executed.
11:39:18 INFO  : 'targets -set -filter {jtag_cable_name =~ "Digilent Zed 210248469733" && level==0} -index 1' command is executed.
11:39:20 INFO  : FPGA configured successfully with bitstream "F:/DMD_Projects/project_3/project_3.sdk/design_1_wrapper_hw_platform_0/design_1_wrapper.bit"
11:39:20 INFO  : Context for 'APU' is selected.
11:39:20 INFO  : Hardware design information is loaded from 'F:/DMD_Projects/project_3/project_3.sdk/design_1_wrapper_hw_platform_0/system.hdf'.
11:39:20 INFO  : 'configparams force-mem-access 1' command is executed.
11:39:20 INFO  : Context for 'APU' is selected.
11:39:20 INFO  : 'ps7_init' command is executed.
11:39:20 INFO  : 'ps7_post_config' command is executed.
11:39:20 INFO  : 'configparams mdm-detect-bscan-mask 2' command is executed.
11:39:20 INFO  : Context for processor 'ps7_cortexa9_0' is selected.
11:39:21 INFO  : The application 'F:/DMD_Projects/project_3/project_3.sdk/ARM_TEST/Debug/ARM_TEST.elf' is downloaded to processor 'ps7_cortexa9_0'.
11:39:21 INFO  : 'configparams force-mem-access 0' command is executed.
11:39:21 INFO  : ----------------XSDB Script----------------
connect -url tcp:127.0.0.1:3121
source F:/DMD_Projects/project_3/project_3.sdk/design_1_wrapper_hw_platform_0/ps7_init.tcl
targets -set -nocase -filter {name =~"APU*" && jtag_cable_name =~ "Digilent Zed 210248469733"} -index 0
rst -system
after 3000
targets -set -filter {jtag_cable_name =~ "Digilent Zed 210248469733" && level==0} -index 1
fpga -file F:/DMD_Projects/project_3/project_3.sdk/design_1_wrapper_hw_platform_0/design_1_wrapper.bit
targets -set -nocase -filter {name =~"APU*" && jtag_cable_name =~ "Digilent Zed 210248469733"} -index 0
loadhw -hw F:/DMD_Projects/project_3/project_3.sdk/design_1_wrapper_hw_platform_0/system.hdf -mem-ranges [list {0x40000000 0xbfffffff}]
configparams force-mem-access 1
targets -set -nocase -filter {name =~"APU*" && jtag_cable_name =~ "Digilent Zed 210248469733"} -index 0
ps7_init
ps7_post_config
configparams mdm-detect-bscan-mask 2
targets -set -nocase -filter {name =~ "ARM*#0" && jtag_cable_name =~ "Digilent Zed 210248469733"} -index 0
dow F:/DMD_Projects/project_3/project_3.sdk/ARM_TEST/Debug/ARM_TEST.elf
configparams force-mem-access 0
----------------End of Script----------------

11:39:21 INFO  : Memory regions updated for context APU
11:39:21 INFO  : Memory regions updated for context PA
11:39:21 INFO  : Memory regions updated for context PA
11:39:21 INFO  : Context for processor 'ps7_cortexa9_0' is selected.
11:39:21 INFO  : 'con' command is executed.
11:39:21 INFO  : ----------------XSDB Script (After Launch)----------------
targets -set -nocase -filter {name =~ "ARM*#0" && jtag_cable_name =~ "Digilent Zed 210248469733"} -index 0
con
----------------End of Script----------------

11:39:21 INFO  : Launch script is exported to file 'F:\DMD_Projects\project_3\project_3.sdk\.sdk\launch_scripts\xilinx_c-c++_application_(system_debugger)\system_debugger_using_debug_arm_test.elf_on_local.tcl'
11:40:36 INFO  : Disconnected from the channel tcfchan#2.
08:45:16 INFO  : Registering command handlers for SDK TCF services
08:45:17 INFO  : Launching XSCT server: xsct.bat -interactive F:\DMD_Projects\project_3\project_3.sdk\temp_xsdb_launch_script.tcl
08:45:22 INFO  : XSCT server has started successfully.
08:45:31 INFO  : Successfully done setting XSCT server connection channel  
08:45:31 INFO  : Successfully done setting SDK workspace  
08:45:31 INFO  : Processing command line option -hwspec F:/DMD_Projects/project_3/project_3.sdk/design_1_wrapper.hdf.
08:45:31 INFO  : Checking for hwspec changes in the project design_1_wrapper_hw_platform_0.
08:45:41 INFO  : SDK has detected change in the last modified timestamps for source hardware specification file Source:1543300870228,  Project:1540883768576
08:45:41 INFO  : The hardware specification for project 'design_1_wrapper_hw_platform_0' is different from F:/DMD_Projects/project_3/project_3.sdk/design_1_wrapper.hdf.
08:45:41 INFO  : Copied contents of F:/DMD_Projects/project_3/project_3.sdk/design_1_wrapper.hdf into \design_1_wrapper_hw_platform_0\system.hdf.
08:45:47 INFO  : Synchronizing projects in the workspace with the hardware platform specification changes.
08:45:59 INFO  : 
08:45:59 INFO  : Updating hardware inferred compiler options for ARM_TEST.
08:45:59 INFO  : Clearing existing target manager status.
09:31:32 INFO  : Connected to target on host '127.0.0.1' and port '3121'.
09:31:50 INFO  : ----------------XSDB Script----------------
connect -url tcp:127.0.0.1:3121
----------------End of Script----------------

09:32:07 INFO  : Connected to target on host '127.0.0.1' and port '3121'.
09:32:07 INFO  : Jtag cable 'Digilent Zed 210248447758' is selected.
09:32:07 INFO  : 'jtag frequency' command is executed.
09:32:07 INFO  : Sourcing of 'F:/DMD_Projects/project_3/project_3.sdk/design_1_wrapper_hw_platform_0/ps7_init.tcl' is done.
09:32:07 INFO  : Context for 'APU' is selected.
09:32:07 INFO  : System reset is completed.
09:32:11 INFO  : 'after 3000' command is executed.
09:32:11 INFO  : 'targets -set -filter {jtag_cable_name =~ "Digilent Zed 210248447758" && level==0} -index 1' command is executed.
09:32:13 INFO  : FPGA configured successfully with bitstream "F:/DMD_Projects/project_3/project_3.sdk/design_1_wrapper_hw_platform_0/design_1_wrapper.bit"
09:32:13 INFO  : Context for 'APU' is selected.
09:32:13 INFO  : Hardware design information is loaded from 'F:/DMD_Projects/project_3/project_3.sdk/design_1_wrapper_hw_platform_0/system.hdf'.
09:32:13 INFO  : 'configparams force-mem-access 1' command is executed.
09:32:13 INFO  : Context for 'APU' is selected.
09:32:14 INFO  : 'ps7_init' command is executed.
09:32:14 INFO  : 'ps7_post_config' command is executed.
09:32:14 INFO  : 'configparams mdm-detect-bscan-mask 2' command is executed.
09:32:14 INFO  : Context for processor 'ps7_cortexa9_0' is selected.
09:32:14 INFO  : The application 'F:/DMD_Projects/project_3/project_3.sdk/ARM_TEST/Debug/ARM_TEST.elf' is downloaded to processor 'ps7_cortexa9_0'.
09:32:14 INFO  : 'configparams force-mem-access 0' command is executed.
09:32:14 INFO  : ----------------XSDB Script----------------
connect -url tcp:127.0.0.1:3121
source F:/DMD_Projects/project_3/project_3.sdk/design_1_wrapper_hw_platform_0/ps7_init.tcl
targets -set -nocase -filter {name =~"APU*" && jtag_cable_name =~ "Digilent Zed 210248447758"} -index 0
rst -system
after 3000
targets -set -filter {jtag_cable_name =~ "Digilent Zed 210248447758" && level==0} -index 1
fpga -file F:/DMD_Projects/project_3/project_3.sdk/design_1_wrapper_hw_platform_0/design_1_wrapper.bit
targets -set -nocase -filter {name =~"APU*" && jtag_cable_name =~ "Digilent Zed 210248447758"} -index 0
loadhw -hw F:/DMD_Projects/project_3/project_3.sdk/design_1_wrapper_hw_platform_0/system.hdf -mem-ranges [list {0x40000000 0xbfffffff}]
configparams force-mem-access 1
targets -set -nocase -filter {name =~"APU*" && jtag_cable_name =~ "Digilent Zed 210248447758"} -index 0
ps7_init
ps7_post_config
configparams mdm-detect-bscan-mask 2
targets -set -nocase -filter {name =~ "ARM*#0" && jtag_cable_name =~ "Digilent Zed 210248447758"} -index 0
dow F:/DMD_Projects/project_3/project_3.sdk/ARM_TEST/Debug/ARM_TEST.elf
configparams force-mem-access 0
----------------End of Script----------------

09:32:14 INFO  : Memory regions updated for context APU
09:32:14 INFO  : Memory regions updated for context MicroBlaze #0
09:32:14 INFO  : Memory regions updated for context MicroBlaze #0
09:32:14 INFO  : Context for processor 'ps7_cortexa9_0' is selected.
09:32:14 INFO  : 'con' command is executed.
09:32:14 INFO  : ----------------XSDB Script (After Launch)----------------
targets -set -nocase -filter {name =~ "ARM*#0" && jtag_cable_name =~ "Digilent Zed 210248447758"} -index 0
con
----------------End of Script----------------

09:32:14 INFO  : Launch script is exported to file 'F:\DMD_Projects\project_3\project_3.sdk\.sdk\launch_scripts\xilinx_c-c++_application_(system_debugger)\system_debugger_using_debug_arm_test.elf_on_local.tcl'
09:32:30 INFO  : Disconnected from the channel tcfchan#1.
09:32:32 INFO  : Connected to target on host '127.0.0.1' and port '3121'.
09:32:33 INFO  : Jtag cable 'Digilent Zed 210248447758' is selected.
09:32:33 INFO  : 'jtag frequency' command is executed.
09:32:33 INFO  : Sourcing of 'F:/DMD_Projects/project_3/project_3.sdk/design_1_wrapper_hw_platform_0/ps7_init.tcl' is done.
09:32:33 INFO  : Context for 'APU' is selected.
09:32:33 INFO  : System reset is completed.
09:32:36 INFO  : 'after 3000' command is executed.
09:32:36 INFO  : 'targets -set -filter {jtag_cable_name =~ "Digilent Zed 210248447758" && level==0} -index 1' command is executed.
09:32:38 INFO  : FPGA configured successfully with bitstream "F:/DMD_Projects/project_3/project_3.sdk/design_1_wrapper_hw_platform_0/design_1_wrapper.bit"
09:32:39 INFO  : Context for 'APU' is selected.
09:32:42 INFO  : Hardware design information is loaded from 'F:/DMD_Projects/project_3/project_3.sdk/design_1_wrapper_hw_platform_0/system.hdf'.
09:32:42 INFO  : 'configparams force-mem-access 1' command is executed.
09:32:42 INFO  : Context for 'APU' is selected.
09:32:43 INFO  : 'ps7_init' command is executed.
09:32:43 INFO  : 'ps7_post_config' command is executed.
09:32:43 INFO  : 'configparams mdm-detect-bscan-mask 2' command is executed.
09:32:43 INFO  : Context for processor 'ps7_cortexa9_0' is selected.
09:32:43 INFO  : The application 'F:/DMD_Projects/project_3/project_3.sdk/ARM_TEST/Debug/ARM_TEST.elf' is downloaded to processor 'ps7_cortexa9_0'.
09:32:43 INFO  : 'configparams force-mem-access 0' command is executed.
09:32:43 INFO  : ----------------XSDB Script----------------
connect -url tcp:127.0.0.1:3121
source F:/DMD_Projects/project_3/project_3.sdk/design_1_wrapper_hw_platform_0/ps7_init.tcl
targets -set -nocase -filter {name =~"APU*" && jtag_cable_name =~ "Digilent Zed 210248447758"} -index 0
rst -system
after 3000
targets -set -filter {jtag_cable_name =~ "Digilent Zed 210248447758" && level==0} -index 1
fpga -file F:/DMD_Projects/project_3/project_3.sdk/design_1_wrapper_hw_platform_0/design_1_wrapper.bit
targets -set -nocase -filter {name =~"APU*" && jtag_cable_name =~ "Digilent Zed 210248447758"} -index 0
loadhw -hw F:/DMD_Projects/project_3/project_3.sdk/design_1_wrapper_hw_platform_0/system.hdf -mem-ranges [list {0x40000000 0xbfffffff}]
configparams force-mem-access 1
targets -set -nocase -filter {name =~"APU*" && jtag_cable_name =~ "Digilent Zed 210248447758"} -index 0
ps7_init
ps7_post_config
configparams mdm-detect-bscan-mask 2
targets -set -nocase -filter {name =~ "ARM*#0" && jtag_cable_name =~ "Digilent Zed 210248447758"} -index 0
dow F:/DMD_Projects/project_3/project_3.sdk/ARM_TEST/Debug/ARM_TEST.elf
configparams force-mem-access 0
----------------End of Script----------------

09:32:43 INFO  : Memory regions updated for context APU
09:32:43 INFO  : Memory regions updated for context MicroBlaze #0
09:32:43 INFO  : Memory regions updated for context MicroBlaze #0
09:32:43 INFO  : Context for processor 'ps7_cortexa9_0' is selected.
09:32:43 INFO  : 'con' command is executed.
09:32:43 INFO  : ----------------XSDB Script (After Launch)----------------
targets -set -nocase -filter {name =~ "ARM*#0" && jtag_cable_name =~ "Digilent Zed 210248447758"} -index 0
con
----------------End of Script----------------

09:32:43 INFO  : Launch script is exported to file 'F:\DMD_Projects\project_3\project_3.sdk\.sdk\launch_scripts\xilinx_c-c++_application_(system_debugger)\system_debugger_using_debug_arm_test.elf_on_local.tcl'
09:32:48 INFO  : Disconnected from the channel tcfchan#2.
09:33:04 INFO  : Connected to target on host '127.0.0.1' and port '3121'.
09:33:04 INFO  : Jtag cable 'Digilent Zed 210248447758' is selected.
09:33:04 INFO  : 'jtag frequency' command is executed.
09:33:04 INFO  : Sourcing of 'F:/DMD_Projects/project_3/project_3.sdk/design_1_wrapper_hw_platform_0/ps7_init.tcl' is done.
09:33:04 INFO  : Context for 'APU' is selected.
09:33:05 INFO  : System reset is completed.
09:33:08 INFO  : 'after 3000' command is executed.
09:33:08 INFO  : 'targets -set -filter {jtag_cable_name =~ "Digilent Zed 210248447758" && level==0} -index 1' command is executed.
09:33:10 INFO  : FPGA configured successfully with bitstream "F:/DMD_Projects/project_3/project_3.sdk/design_1_wrapper_hw_platform_0/design_1_wrapper.bit"
09:33:10 INFO  : Context for 'APU' is selected.
09:33:10 INFO  : Hardware design information is loaded from 'F:/DMD_Projects/project_3/project_3.sdk/design_1_wrapper_hw_platform_0/system.hdf'.
09:33:10 INFO  : 'configparams force-mem-access 1' command is executed.
09:33:10 INFO  : Context for 'APU' is selected.
09:33:11 INFO  : 'ps7_init' command is executed.
09:33:11 INFO  : 'ps7_post_config' command is executed.
09:33:11 INFO  : 'configparams mdm-detect-bscan-mask 2' command is executed.
09:33:11 INFO  : Context for processor 'microblaze_0' is selected.
09:33:11 INFO  : The application 'F:/DMD_Projects/project_3/project_3.sdk/MB_Hello/Debug/MB_Hello.elf' is downloaded to processor 'microblaze_0'.
09:33:11 INFO  : 'configparams force-mem-access 0' command is executed.
09:33:11 INFO  : ----------------XSDB Script----------------
connect -url tcp:127.0.0.1:3121
source F:/DMD_Projects/project_3/project_3.sdk/design_1_wrapper_hw_platform_0/ps7_init.tcl
targets -set -nocase -filter {name =~"APU*" && jtag_cable_name =~ "Digilent Zed 210248447758"} -index 0
rst -system
after 3000
targets -set -filter {jtag_cable_name =~ "Digilent Zed 210248447758" && level==0} -index 1
fpga -file F:/DMD_Projects/project_3/project_3.sdk/design_1_wrapper_hw_platform_0/design_1_wrapper.bit
targets -set -nocase -filter {name =~"APU*" && jtag_cable_name =~ "Digilent Zed 210248447758"} -index 0
loadhw -hw F:/DMD_Projects/project_3/project_3.sdk/design_1_wrapper_hw_platform_0/system.hdf -mem-ranges [list {0x40000000 0xbfffffff}]
configparams force-mem-access 1
targets -set -nocase -filter {name =~"APU*" && jtag_cable_name =~ "Digilent Zed 210248447758"} -index 0
ps7_init
ps7_post_config
configparams mdm-detect-bscan-mask 2
targets -set -nocase -filter {name =~ "microblaze*#0" && bscan=="USER2"  && jtag_cable_name =~ "Digilent Zed 210248447758"} -index 1
dow F:/DMD_Projects/project_3/project_3.sdk/MB_Hello/Debug/MB_Hello.elf
configparams force-mem-access 0
----------------End of Script----------------

09:33:11 INFO  : Memory regions updated for context APU
09:33:11 INFO  : Memory regions updated for context MicroBlaze #0
09:33:11 INFO  : Memory regions updated for context MicroBlaze #0
09:33:11 INFO  : Context for processor 'microblaze_0' is selected.
09:33:11 INFO  : 'con' command is executed.
09:33:11 INFO  : ----------------XSDB Script (After Launch)----------------
targets -set -nocase -filter {name =~ "microblaze*#0" && bscan=="USER2"  && jtag_cable_name =~ "Digilent Zed 210248447758"} -index 1
con
----------------End of Script----------------

09:33:11 INFO  : Launch script is exported to file 'F:\DMD_Projects\project_3\project_3.sdk\.sdk\launch_scripts\xilinx_c-c++_application_(system_debugger)\system_debugger_on_local.tcl'
09:34:06 INFO  : Disconnected from the channel tcfchan#3.
09:39:06 INFO  : Connected to target on host '127.0.0.1' and port '3121'.
09:39:07 INFO  : Jtag cable 'Digilent Zed 210248447758' is selected.
09:39:07 INFO  : 'jtag frequency' command is executed.
09:39:07 INFO  : Sourcing of 'F:/DMD_Projects/project_3/project_3.sdk/design_1_wrapper_hw_platform_0/ps7_init.tcl' is done.
09:39:07 INFO  : Context for 'APU' is selected.
09:39:07 INFO  : System reset is completed.
09:39:10 INFO  : 'after 3000' command is executed.
09:39:10 INFO  : 'targets -set -filter {jtag_cable_name =~ "Digilent Zed 210248447758" && level==0} -index 1' command is executed.
09:39:13 INFO  : FPGA configured successfully with bitstream "F:/DMD_Projects/project_3/project_3.sdk/design_1_wrapper_hw_platform_0/design_1_wrapper.bit"
09:39:13 INFO  : Context for 'APU' is selected.
09:39:13 INFO  : Hardware design information is loaded from 'F:/DMD_Projects/project_3/project_3.sdk/design_1_wrapper_hw_platform_0/system.hdf'.
09:39:13 INFO  : 'configparams force-mem-access 1' command is executed.
09:39:13 INFO  : Context for 'APU' is selected.
09:39:13 INFO  : 'ps7_init' command is executed.
09:39:13 INFO  : 'ps7_post_config' command is executed.
09:39:13 INFO  : 'configparams mdm-detect-bscan-mask 2' command is executed.
09:39:13 INFO  : Context for processor 'microblaze_0' is selected.
09:39:13 INFO  : The application 'F:/DMD_Projects/project_3/project_3.sdk/MB_Hello/Debug/MB_Hello.elf' is downloaded to processor 'microblaze_0'.
09:39:13 INFO  : 'configparams force-mem-access 0' command is executed.
09:39:13 INFO  : ----------------XSDB Script----------------
connect -url tcp:127.0.0.1:3121
source F:/DMD_Projects/project_3/project_3.sdk/design_1_wrapper_hw_platform_0/ps7_init.tcl
targets -set -nocase -filter {name =~"APU*" && jtag_cable_name =~ "Digilent Zed 210248447758"} -index 0
rst -system
after 3000
targets -set -filter {jtag_cable_name =~ "Digilent Zed 210248447758" && level==0} -index 1
fpga -file F:/DMD_Projects/project_3/project_3.sdk/design_1_wrapper_hw_platform_0/design_1_wrapper.bit
targets -set -nocase -filter {name =~"APU*" && jtag_cable_name =~ "Digilent Zed 210248447758"} -index 0
loadhw -hw F:/DMD_Projects/project_3/project_3.sdk/design_1_wrapper_hw_platform_0/system.hdf -mem-ranges [list {0x40000000 0xbfffffff}]
configparams force-mem-access 1
targets -set -nocase -filter {name =~"APU*" && jtag_cable_name =~ "Digilent Zed 210248447758"} -index 0
ps7_init
ps7_post_config
configparams mdm-detect-bscan-mask 2
targets -set -nocase -filter {name =~ "microblaze*#0" && bscan=="USER2"  && jtag_cable_name =~ "Digilent Zed 210248447758"} -index 1
dow F:/DMD_Projects/project_3/project_3.sdk/MB_Hello/Debug/MB_Hello.elf
configparams force-mem-access 0
----------------End of Script----------------

09:39:13 INFO  : Memory regions updated for context APU
09:39:13 INFO  : Memory regions updated for context MicroBlaze #0
09:39:13 INFO  : Memory regions updated for context MicroBlaze #0
09:39:13 INFO  : Context for processor 'microblaze_0' is selected.
09:39:14 INFO  : 'con' command is executed.
09:39:14 INFO  : ----------------XSDB Script (After Launch)----------------
targets -set -nocase -filter {name =~ "microblaze*#0" && bscan=="USER2"  && jtag_cable_name =~ "Digilent Zed 210248447758"} -index 1
con
----------------End of Script----------------

09:39:14 INFO  : Launch script is exported to file 'F:\DMD_Projects\project_3\project_3.sdk\.sdk\launch_scripts\xilinx_c-c++_application_(system_debugger)\system_debugger_on_local.tcl'
09:39:54 INFO  : Disconnected from the channel tcfchan#4.
09:40:04 INFO  : Connected to target on host '127.0.0.1' and port '3121'.
09:40:04 INFO  : Jtag cable 'Digilent Zed 210248447758' is selected.
09:40:05 INFO  : 'jtag frequency' command is executed.
09:40:05 INFO  : Sourcing of 'F:/DMD_Projects/project_3/project_3.sdk/design_1_wrapper_hw_platform_0/ps7_init.tcl' is done.
09:40:05 INFO  : Context for 'APU' is selected.
09:40:05 INFO  : System reset is completed.
09:40:08 INFO  : 'after 3000' command is executed.
09:40:08 INFO  : 'targets -set -filter {jtag_cable_name =~ "Digilent Zed 210248447758" && level==0} -index 1' command is executed.
09:40:10 INFO  : FPGA configured successfully with bitstream "F:/DMD_Projects/project_3/project_3.sdk/design_1_wrapper_hw_platform_0/design_1_wrapper.bit"
09:40:10 INFO  : Context for 'APU' is selected.
09:40:10 INFO  : Hardware design information is loaded from 'F:/DMD_Projects/project_3/project_3.sdk/design_1_wrapper_hw_platform_0/system.hdf'.
09:40:10 INFO  : 'configparams force-mem-access 1' command is executed.
09:40:10 INFO  : Context for 'APU' is selected.
09:40:11 INFO  : 'ps7_init' command is executed.
09:40:11 INFO  : 'ps7_post_config' command is executed.
09:40:11 INFO  : 'configparams mdm-detect-bscan-mask 2' command is executed.
09:40:11 INFO  : Context for processor 'microblaze_0' is selected.
09:40:11 INFO  : The application 'F:/DMD_Projects/project_3/project_3.sdk/MB_Hello/Debug/MB_Hello.elf' is downloaded to processor 'microblaze_0'.
09:40:11 INFO  : 'configparams force-mem-access 0' command is executed.
09:40:11 INFO  : ----------------XSDB Script----------------
connect -url tcp:127.0.0.1:3121
source F:/DMD_Projects/project_3/project_3.sdk/design_1_wrapper_hw_platform_0/ps7_init.tcl
targets -set -nocase -filter {name =~"APU*" && jtag_cable_name =~ "Digilent Zed 210248447758"} -index 0
rst -system
after 3000
targets -set -filter {jtag_cable_name =~ "Digilent Zed 210248447758" && level==0} -index 1
fpga -file F:/DMD_Projects/project_3/project_3.sdk/design_1_wrapper_hw_platform_0/design_1_wrapper.bit
targets -set -nocase -filter {name =~"APU*" && jtag_cable_name =~ "Digilent Zed 210248447758"} -index 0
loadhw -hw F:/DMD_Projects/project_3/project_3.sdk/design_1_wrapper_hw_platform_0/system.hdf -mem-ranges [list {0x40000000 0xbfffffff}]
configparams force-mem-access 1
targets -set -nocase -filter {name =~"APU*" && jtag_cable_name =~ "Digilent Zed 210248447758"} -index 0
ps7_init
ps7_post_config
configparams mdm-detect-bscan-mask 2
targets -set -nocase -filter {name =~ "microblaze*#0" && bscan=="USER2"  && jtag_cable_name =~ "Digilent Zed 210248447758"} -index 1
dow F:/DMD_Projects/project_3/project_3.sdk/MB_Hello/Debug/MB_Hello.elf
configparams force-mem-access 0
----------------End of Script----------------

09:40:11 INFO  : Memory regions updated for context APU
09:40:11 INFO  : Memory regions updated for context MicroBlaze #0
09:40:11 INFO  : Memory regions updated for context MicroBlaze #0
09:40:11 INFO  : Context for processor 'microblaze_0' is selected.
09:40:11 INFO  : 'con' command is executed.
09:40:11 INFO  : ----------------XSDB Script (After Launch)----------------
targets -set -nocase -filter {name =~ "microblaze*#0" && bscan=="USER2"  && jtag_cable_name =~ "Digilent Zed 210248447758"} -index 1
con
----------------End of Script----------------

09:40:11 INFO  : Launch script is exported to file 'F:\DMD_Projects\project_3\project_3.sdk\.sdk\launch_scripts\xilinx_c-c++_application_(system_debugger)\system_debugger_on_local.tcl'
09:40:53 INFO  : Disconnected from the channel tcfchan#5.
09:42:49 INFO  : Connected to target on host '127.0.0.1' and port '3121'.
09:42:50 INFO  : Jtag cable 'Digilent Zed 210248447758' is selected.
09:42:50 INFO  : 'jtag frequency' command is executed.
09:42:50 INFO  : Sourcing of 'F:/DMD_Projects/project_3/project_3.sdk/design_1_wrapper_hw_platform_0/ps7_init.tcl' is done.
09:42:50 INFO  : Context for 'APU' is selected.
09:42:50 INFO  : System reset is completed.
09:42:53 INFO  : 'after 3000' command is executed.
09:42:53 INFO  : 'targets -set -filter {jtag_cable_name =~ "Digilent Zed 210248447758" && level==0} -index 1' command is executed.
09:42:55 INFO  : FPGA configured successfully with bitstream "F:/DMD_Projects/project_3/project_3.sdk/design_1_wrapper_hw_platform_0/design_1_wrapper.bit"
09:42:56 INFO  : Context for 'APU' is selected.
09:42:56 INFO  : Hardware design information is loaded from 'F:/DMD_Projects/project_3/project_3.sdk/design_1_wrapper_hw_platform_0/system.hdf'.
09:42:56 INFO  : 'configparams force-mem-access 1' command is executed.
09:42:56 INFO  : Context for 'APU' is selected.
09:42:56 INFO  : 'ps7_init' command is executed.
09:42:56 INFO  : 'ps7_post_config' command is executed.
09:42:56 INFO  : 'configparams mdm-detect-bscan-mask 2' command is executed.
09:42:56 INFO  : Context for processor 'microblaze_0' is selected.
09:42:56 INFO  : The application 'F:/DMD_Projects/project_3/project_3.sdk/MB_Hello/Debug/MB_Hello.elf' is downloaded to processor 'microblaze_0'.
09:42:56 INFO  : 'configparams force-mem-access 0' command is executed.
09:42:56 INFO  : ----------------XSDB Script----------------
connect -url tcp:127.0.0.1:3121
source F:/DMD_Projects/project_3/project_3.sdk/design_1_wrapper_hw_platform_0/ps7_init.tcl
targets -set -nocase -filter {name =~"APU*" && jtag_cable_name =~ "Digilent Zed 210248447758"} -index 0
rst -system
after 3000
targets -set -filter {jtag_cable_name =~ "Digilent Zed 210248447758" && level==0} -index 1
fpga -file F:/DMD_Projects/project_3/project_3.sdk/design_1_wrapper_hw_platform_0/design_1_wrapper.bit
targets -set -nocase -filter {name =~"APU*" && jtag_cable_name =~ "Digilent Zed 210248447758"} -index 0
loadhw -hw F:/DMD_Projects/project_3/project_3.sdk/design_1_wrapper_hw_platform_0/system.hdf -mem-ranges [list {0x40000000 0xbfffffff}]
configparams force-mem-access 1
targets -set -nocase -filter {name =~"APU*" && jtag_cable_name =~ "Digilent Zed 210248447758"} -index 0
ps7_init
ps7_post_config
configparams mdm-detect-bscan-mask 2
targets -set -nocase -filter {name =~ "microblaze*#0" && bscan=="USER2"  && jtag_cable_name =~ "Digilent Zed 210248447758"} -index 1
dow F:/DMD_Projects/project_3/project_3.sdk/MB_Hello/Debug/MB_Hello.elf
configparams force-mem-access 0
----------------End of Script----------------

09:42:56 INFO  : Memory regions updated for context APU
09:42:56 INFO  : Memory regions updated for context MicroBlaze #0
09:42:56 INFO  : Memory regions updated for context MicroBlaze #0
09:42:56 INFO  : Context for processor 'microblaze_0' is selected.
09:42:56 INFO  : 'con' command is executed.
09:42:56 INFO  : ----------------XSDB Script (After Launch)----------------
targets -set -nocase -filter {name =~ "microblaze*#0" && bscan=="USER2"  && jtag_cable_name =~ "Digilent Zed 210248447758"} -index 1
con
----------------End of Script----------------

09:42:56 INFO  : Launch script is exported to file 'F:\DMD_Projects\project_3\project_3.sdk\.sdk\launch_scripts\xilinx_c-c++_application_(system_debugger)\system_debugger_on_local.tcl'
09:43:15 INFO  : Disconnected from the channel tcfchan#6.
09:43:21 INFO  : Connected to target on host '127.0.0.1' and port '3121'.
09:43:21 INFO  : Jtag cable 'Digilent Zed 210248447758' is selected.
09:43:21 INFO  : 'jtag frequency' command is executed.
09:43:21 INFO  : Sourcing of 'F:/DMD_Projects/project_3/project_3.sdk/design_1_wrapper_hw_platform_0/ps7_init.tcl' is done.
09:43:21 INFO  : Context for 'APU' is selected.
09:43:22 INFO  : System reset is completed.
09:43:25 INFO  : 'after 3000' command is executed.
09:43:25 INFO  : 'targets -set -filter {jtag_cable_name =~ "Digilent Zed 210248447758" && level==0} -index 1' command is executed.
09:43:27 INFO  : FPGA configured successfully with bitstream "F:/DMD_Projects/project_3/project_3.sdk/design_1_wrapper_hw_platform_0/design_1_wrapper.bit"
09:43:27 INFO  : Context for 'APU' is selected.
09:43:27 INFO  : Hardware design information is loaded from 'F:/DMD_Projects/project_3/project_3.sdk/design_1_wrapper_hw_platform_0/system.hdf'.
09:43:27 INFO  : 'configparams force-mem-access 1' command is executed.
09:43:27 INFO  : Context for 'APU' is selected.
09:43:28 INFO  : 'ps7_init' command is executed.
09:43:28 INFO  : 'ps7_post_config' command is executed.
09:43:28 INFO  : 'configparams mdm-detect-bscan-mask 2' command is executed.
09:43:28 INFO  : Context for processor 'microblaze_0' is selected.
09:43:28 INFO  : The application 'F:/DMD_Projects/project_3/project_3.sdk/MB_Hello/Debug/MB_Hello.elf' is downloaded to processor 'microblaze_0'.
09:43:28 INFO  : 'configparams force-mem-access 0' command is executed.
09:43:28 INFO  : ----------------XSDB Script----------------
connect -url tcp:127.0.0.1:3121
source F:/DMD_Projects/project_3/project_3.sdk/design_1_wrapper_hw_platform_0/ps7_init.tcl
targets -set -nocase -filter {name =~"APU*" && jtag_cable_name =~ "Digilent Zed 210248447758"} -index 0
rst -system
after 3000
targets -set -filter {jtag_cable_name =~ "Digilent Zed 210248447758" && level==0} -index 1
fpga -file F:/DMD_Projects/project_3/project_3.sdk/design_1_wrapper_hw_platform_0/design_1_wrapper.bit
targets -set -nocase -filter {name =~"APU*" && jtag_cable_name =~ "Digilent Zed 210248447758"} -index 0
loadhw -hw F:/DMD_Projects/project_3/project_3.sdk/design_1_wrapper_hw_platform_0/system.hdf -mem-ranges [list {0x40000000 0xbfffffff}]
configparams force-mem-access 1
targets -set -nocase -filter {name =~"APU*" && jtag_cable_name =~ "Digilent Zed 210248447758"} -index 0
ps7_init
ps7_post_config
configparams mdm-detect-bscan-mask 2
targets -set -nocase -filter {name =~ "microblaze*#0" && bscan=="USER2"  && jtag_cable_name =~ "Digilent Zed 210248447758"} -index 1
dow F:/DMD_Projects/project_3/project_3.sdk/MB_Hello/Debug/MB_Hello.elf
configparams force-mem-access 0
----------------End of Script----------------

09:43:28 INFO  : Memory regions updated for context APU
09:43:28 INFO  : Memory regions updated for context MicroBlaze #0
09:43:28 INFO  : Memory regions updated for context MicroBlaze #0
09:43:28 INFO  : Context for processor 'microblaze_0' is selected.
09:43:28 INFO  : 'con' command is executed.
09:43:28 INFO  : ----------------XSDB Script (After Launch)----------------
targets -set -nocase -filter {name =~ "microblaze*#0" && bscan=="USER2"  && jtag_cable_name =~ "Digilent Zed 210248447758"} -index 1
con
----------------End of Script----------------

09:43:28 INFO  : Launch script is exported to file 'F:\DMD_Projects\project_3\project_3.sdk\.sdk\launch_scripts\xilinx_c-c++_application_(system_debugger)\system_debugger_on_local.tcl'
09:43:45 INFO  : Disconnected from the channel tcfchan#7.
09:44:08 INFO  : Connected to target on host '127.0.0.1' and port '3121'.
09:44:09 INFO  : Jtag cable 'Digilent Zed 210248447758' is selected.
09:44:09 INFO  : 'jtag frequency' command is executed.
09:44:09 INFO  : Sourcing of 'F:/DMD_Projects/project_3/project_3.sdk/design_1_wrapper_hw_platform_0/ps7_init.tcl' is done.
09:44:09 INFO  : Context for 'APU' is selected.
09:44:09 INFO  : System reset is completed.
09:44:12 INFO  : 'after 3000' command is executed.
09:44:12 INFO  : 'targets -set -filter {jtag_cable_name =~ "Digilent Zed 210248447758" && level==0} -index 1' command is executed.
09:44:15 INFO  : FPGA configured successfully with bitstream "F:/DMD_Projects/project_3/project_3.sdk/design_1_wrapper_hw_platform_0/design_1_wrapper.bit"
09:44:15 INFO  : Context for 'APU' is selected.
09:44:15 INFO  : Hardware design information is loaded from 'F:/DMD_Projects/project_3/project_3.sdk/design_1_wrapper_hw_platform_0/system.hdf'.
09:44:15 INFO  : 'configparams force-mem-access 1' command is executed.
09:44:15 INFO  : Context for 'APU' is selected.
09:44:15 INFO  : 'ps7_init' command is executed.
09:44:15 INFO  : 'configparams mdm-detect-bscan-mask 2' command is executed.
09:44:15 INFO  : Context for processor 'microblaze_0' is selected.
09:44:15 ERROR : Cannot stop MicroBlaze. MicroBlaze is held in reset
09:44:15 INFO  : ----------------XSDB Script----------------
connect -url tcp:127.0.0.1:3121
source F:/DMD_Projects/project_3/project_3.sdk/design_1_wrapper_hw_platform_0/ps7_init.tcl
targets -set -nocase -filter {name =~"APU*" && jtag_cable_name =~ "Digilent Zed 210248447758"} -index 0
rst -system
after 3000
targets -set -filter {jtag_cable_name =~ "Digilent Zed 210248447758" && level==0} -index 1
fpga -file F:/DMD_Projects/project_3/project_3.sdk/design_1_wrapper_hw_platform_0/design_1_wrapper.bit
targets -set -nocase -filter {name =~"APU*" && jtag_cable_name =~ "Digilent Zed 210248447758"} -index 0
loadhw -hw F:/DMD_Projects/project_3/project_3.sdk/design_1_wrapper_hw_platform_0/system.hdf -mem-ranges [list {0x40000000 0xbfffffff}]
configparams force-mem-access 1
targets -set -nocase -filter {name =~"APU*" && jtag_cable_name =~ "Digilent Zed 210248447758"} -index 0
ps7_init
configparams mdm-detect-bscan-mask 2
targets -set -nocase -filter {name =~ "microblaze*#0" && bscan=="USER2"  && jtag_cable_name =~ "Digilent Zed 210248447758"} -index 1
dow F:/DMD_Projects/project_3/project_3.sdk/MB_Hello/Debug/MB_Hello.elf
----------------End of Script----------------

09:44:53 INFO  : Connected to target on host '127.0.0.1' and port '3121'.
09:44:53 INFO  : Jtag cable 'Digilent Zed 210248447758' is selected.
09:44:53 INFO  : 'jtag frequency' command is executed.
09:44:53 INFO  : Sourcing of 'F:/DMD_Projects/project_3/project_3.sdk/design_1_wrapper_hw_platform_0/ps7_init.tcl' is done.
09:44:53 INFO  : Context for 'APU' is selected.
09:44:53 INFO  : System reset is completed.
09:44:56 INFO  : 'after 3000' command is executed.
09:44:56 INFO  : 'targets -set -filter {jtag_cable_name =~ "Digilent Zed 210248447758" && level==0} -index 1' command is executed.
09:44:59 INFO  : FPGA configured successfully with bitstream "F:/DMD_Projects/project_3/project_3.sdk/design_1_wrapper_hw_platform_0/design_1_wrapper.bit"
09:44:59 INFO  : Context for 'APU' is selected.
09:44:59 INFO  : Hardware design information is loaded from 'F:/DMD_Projects/project_3/project_3.sdk/design_1_wrapper_hw_platform_0/system.hdf'.
09:44:59 INFO  : 'configparams force-mem-access 1' command is executed.
09:44:59 INFO  : Context for 'APU' is selected.
09:44:59 INFO  : 'ps7_init' command is executed.
09:44:59 INFO  : 'ps7_post_config' command is executed.
09:44:59 INFO  : 'configparams mdm-detect-bscan-mask 2' command is executed.
09:44:59 INFO  : Context for processor 'microblaze_0' is selected.
09:44:59 INFO  : The application 'F:/DMD_Projects/project_3/project_3.sdk/MB_Hello/Debug/MB_Hello.elf' is downloaded to processor 'microblaze_0'.
09:44:59 INFO  : 'configparams force-mem-access 0' command is executed.
09:44:59 INFO  : ----------------XSDB Script----------------
connect -url tcp:127.0.0.1:3121
source F:/DMD_Projects/project_3/project_3.sdk/design_1_wrapper_hw_platform_0/ps7_init.tcl
targets -set -nocase -filter {name =~"APU*" && jtag_cable_name =~ "Digilent Zed 210248447758"} -index 0
rst -system
after 3000
targets -set -filter {jtag_cable_name =~ "Digilent Zed 210248447758" && level==0} -index 1
fpga -file F:/DMD_Projects/project_3/project_3.sdk/design_1_wrapper_hw_platform_0/design_1_wrapper.bit
targets -set -nocase -filter {name =~"APU*" && jtag_cable_name =~ "Digilent Zed 210248447758"} -index 0
loadhw -hw F:/DMD_Projects/project_3/project_3.sdk/design_1_wrapper_hw_platform_0/system.hdf -mem-ranges [list {0x40000000 0xbfffffff}]
configparams force-mem-access 1
targets -set -nocase -filter {name =~"APU*" && jtag_cable_name =~ "Digilent Zed 210248447758"} -index 0
ps7_init
ps7_post_config
configparams mdm-detect-bscan-mask 2
targets -set -nocase -filter {name =~ "microblaze*#0" && bscan=="USER2"  && jtag_cable_name =~ "Digilent Zed 210248447758"} -index 1
dow F:/DMD_Projects/project_3/project_3.sdk/MB_Hello/Debug/MB_Hello.elf
configparams force-mem-access 0
----------------End of Script----------------

09:44:59 INFO  : Memory regions updated for context APU
09:44:59 INFO  : Memory regions updated for context MicroBlaze #0
09:44:59 INFO  : Memory regions updated for context MicroBlaze #0
09:45:00 INFO  : Context for processor 'microblaze_0' is selected.
09:45:00 INFO  : 'con' command is executed.
09:45:00 INFO  : ----------------XSDB Script (After Launch)----------------
targets -set -nocase -filter {name =~ "microblaze*#0" && bscan=="USER2"  && jtag_cable_name =~ "Digilent Zed 210248447758"} -index 1
con
----------------End of Script----------------

09:45:00 INFO  : Launch script is exported to file 'F:\DMD_Projects\project_3\project_3.sdk\.sdk\launch_scripts\xilinx_c-c++_application_(system_debugger)\system_debugger_on_local.tcl'
09:45:36 INFO  : Disconnected from the channel tcfchan#8.
09:45:52 INFO  : Connected to target on host '127.0.0.1' and port '3121'.
09:45:52 INFO  : Jtag cable 'Digilent Zed 210248447758' is selected.
09:45:52 INFO  : 'jtag frequency' command is executed.
09:45:52 INFO  : Sourcing of 'F:/DMD_Projects/project_3/project_3.sdk/design_1_wrapper_hw_platform_0/ps7_init.tcl' is done.
09:45:52 INFO  : Context for 'APU' is selected.
09:45:52 INFO  : System reset is completed.
09:45:55 INFO  : 'after 3000' command is executed.
09:45:56 INFO  : 'targets -set -filter {jtag_cable_name =~ "Digilent Zed 210248447758" && level==0} -index 1' command is executed.
09:45:58 INFO  : FPGA configured successfully with bitstream "F:/DMD_Projects/project_3/project_3.sdk/design_1_wrapper_hw_platform_0/design_1_wrapper.bit"
09:45:58 INFO  : Context for 'APU' is selected.
09:45:58 INFO  : Hardware design information is loaded from 'F:/DMD_Projects/project_3/project_3.sdk/design_1_wrapper_hw_platform_0/system.hdf'.
09:45:58 INFO  : 'configparams force-mem-access 1' command is executed.
09:45:58 INFO  : Context for 'APU' is selected.
09:45:58 INFO  : 'ps7_init' command is executed.
09:45:58 INFO  : 'ps7_post_config' command is executed.
09:45:58 INFO  : 'configparams mdm-detect-bscan-mask 2' command is executed.
09:45:58 INFO  : Context for processor 'microblaze_0' is selected.
09:45:59 INFO  : The application 'F:/DMD_Projects/project_3/project_3.sdk/MB_Hello/Debug/MB_Hello.elf' is downloaded to processor 'microblaze_0'.
09:45:59 INFO  : 'configparams force-mem-access 0' command is executed.
09:45:59 INFO  : ----------------XSDB Script----------------
connect -url tcp:127.0.0.1:3121
source F:/DMD_Projects/project_3/project_3.sdk/design_1_wrapper_hw_platform_0/ps7_init.tcl
targets -set -nocase -filter {name =~"APU*" && jtag_cable_name =~ "Digilent Zed 210248447758"} -index 0
rst -system
after 3000
targets -set -filter {jtag_cable_name =~ "Digilent Zed 210248447758" && level==0} -index 1
fpga -file F:/DMD_Projects/project_3/project_3.sdk/design_1_wrapper_hw_platform_0/design_1_wrapper.bit
targets -set -nocase -filter {name =~"APU*" && jtag_cable_name =~ "Digilent Zed 210248447758"} -index 0
loadhw -hw F:/DMD_Projects/project_3/project_3.sdk/design_1_wrapper_hw_platform_0/system.hdf -mem-ranges [list {0x40000000 0xbfffffff}]
configparams force-mem-access 1
targets -set -nocase -filter {name =~"APU*" && jtag_cable_name =~ "Digilent Zed 210248447758"} -index 0
ps7_init
ps7_post_config
configparams mdm-detect-bscan-mask 2
targets -set -nocase -filter {name =~ "microblaze*#0" && bscan=="USER2"  && jtag_cable_name =~ "Digilent Zed 210248447758"} -index 1
dow F:/DMD_Projects/project_3/project_3.sdk/MB_Hello/Debug/MB_Hello.elf
configparams force-mem-access 0
----------------End of Script----------------

09:45:59 INFO  : Memory regions updated for context APU
09:45:59 INFO  : Memory regions updated for context MicroBlaze #0
09:45:59 INFO  : Memory regions updated for context MicroBlaze #0
09:45:59 INFO  : Context for processor 'microblaze_0' is selected.
09:45:59 INFO  : 'con' command is executed.
09:45:59 INFO  : ----------------XSDB Script (After Launch)----------------
targets -set -nocase -filter {name =~ "microblaze*#0" && bscan=="USER2"  && jtag_cable_name =~ "Digilent Zed 210248447758"} -index 1
con
----------------End of Script----------------

09:45:59 INFO  : Launch script is exported to file 'F:\DMD_Projects\project_3\project_3.sdk\.sdk\launch_scripts\xilinx_c-c++_application_(system_debugger)\system_debugger_on_local.tcl'
09:46:36 INFO  : Disconnected from the channel tcfchan#9.
09:46:46 INFO  : Connected to target on host '127.0.0.1' and port '3121'.
09:46:47 INFO  : Jtag cable 'Digilent Zed 210248447758' is selected.
09:46:47 INFO  : 'jtag frequency' command is executed.
09:46:47 INFO  : Sourcing of 'F:/DMD_Projects/project_3/project_3.sdk/design_1_wrapper_hw_platform_0/ps7_init.tcl' is done.
09:46:47 INFO  : Context for 'APU' is selected.
09:46:47 INFO  : System reset is completed.
09:46:50 INFO  : 'after 3000' command is executed.
09:46:50 INFO  : 'targets -set -filter {jtag_cable_name =~ "Digilent Zed 210248447758" && level==0} -index 1' command is executed.
09:46:53 INFO  : FPGA configured successfully with bitstream "F:/DMD_Projects/project_3/project_3.sdk/design_1_wrapper_hw_platform_0/design_1_wrapper.bit"
09:46:53 INFO  : Context for 'APU' is selected.
09:46:53 INFO  : Hardware design information is loaded from 'F:/DMD_Projects/project_3/project_3.sdk/design_1_wrapper_hw_platform_0/system.hdf'.
09:46:53 INFO  : 'configparams force-mem-access 1' command is executed.
09:46:53 INFO  : Context for 'APU' is selected.
09:46:53 INFO  : 'ps7_init' command is executed.
09:46:53 INFO  : 'ps7_post_config' command is executed.
09:46:53 INFO  : 'configparams mdm-detect-bscan-mask 2' command is executed.
09:46:53 INFO  : Context for processor 'microblaze_0' is selected.
09:46:53 INFO  : The application 'F:/DMD_Projects/project_3/project_3.sdk/MB_Hello/Debug/MB_Hello.elf' is downloaded to processor 'microblaze_0'.
09:46:53 INFO  : 'configparams force-mem-access 0' command is executed.
09:46:53 INFO  : ----------------XSDB Script----------------
connect -url tcp:127.0.0.1:3121
source F:/DMD_Projects/project_3/project_3.sdk/design_1_wrapper_hw_platform_0/ps7_init.tcl
targets -set -nocase -filter {name =~"APU*" && jtag_cable_name =~ "Digilent Zed 210248447758"} -index 0
rst -system
after 3000
targets -set -filter {jtag_cable_name =~ "Digilent Zed 210248447758" && level==0} -index 1
fpga -file F:/DMD_Projects/project_3/project_3.sdk/design_1_wrapper_hw_platform_0/design_1_wrapper.bit
targets -set -nocase -filter {name =~"APU*" && jtag_cable_name =~ "Digilent Zed 210248447758"} -index 0
loadhw -hw F:/DMD_Projects/project_3/project_3.sdk/design_1_wrapper_hw_platform_0/system.hdf -mem-ranges [list {0x40000000 0xbfffffff}]
configparams force-mem-access 1
targets -set -nocase -filter {name =~"APU*" && jtag_cable_name =~ "Digilent Zed 210248447758"} -index 0
ps7_init
ps7_post_config
configparams mdm-detect-bscan-mask 2
targets -set -nocase -filter {name =~ "microblaze*#0" && bscan=="USER2"  && jtag_cable_name =~ "Digilent Zed 210248447758"} -index 1
dow F:/DMD_Projects/project_3/project_3.sdk/MB_Hello/Debug/MB_Hello.elf
configparams force-mem-access 0
----------------End of Script----------------

09:46:53 INFO  : Memory regions updated for context APU
09:46:53 INFO  : Memory regions updated for context MicroBlaze #0
09:46:53 INFO  : Memory regions updated for context MicroBlaze #0
09:46:53 INFO  : Context for processor 'microblaze_0' is selected.
09:46:53 INFO  : 'con' command is executed.
09:46:53 INFO  : ----------------XSDB Script (After Launch)----------------
targets -set -nocase -filter {name =~ "microblaze*#0" && bscan=="USER2"  && jtag_cable_name =~ "Digilent Zed 210248447758"} -index 1
con
----------------End of Script----------------

09:46:53 INFO  : Launch script is exported to file 'F:\DMD_Projects\project_3\project_3.sdk\.sdk\launch_scripts\xilinx_c-c++_application_(system_debugger)\system_debugger_on_local.tcl'
09:47:01 INFO  : Disconnected from the channel tcfchan#10.
09:47:14 INFO  : Connected to target on host '127.0.0.1' and port '3121'.
09:47:14 INFO  : Jtag cable 'Digilent Zed 210248447758' is selected.
09:47:15 INFO  : 'jtag frequency' command is executed.
09:47:15 INFO  : Sourcing of 'F:/DMD_Projects/project_3/project_3.sdk/design_1_wrapper_hw_platform_0/ps7_init.tcl' is done.
09:47:15 INFO  : Context for 'APU' is selected.
09:47:15 INFO  : System reset is completed.
09:47:18 INFO  : 'after 3000' command is executed.
09:47:18 INFO  : 'targets -set -filter {jtag_cable_name =~ "Digilent Zed 210248447758" && level==0} -index 1' command is executed.
09:47:20 INFO  : FPGA configured successfully with bitstream "F:/DMD_Projects/project_3/project_3.sdk/design_1_wrapper_hw_platform_0/design_1_wrapper.bit"
09:47:20 INFO  : Context for 'APU' is selected.
09:47:20 INFO  : Hardware design information is loaded from 'F:/DMD_Projects/project_3/project_3.sdk/design_1_wrapper_hw_platform_0/system.hdf'.
09:47:20 INFO  : 'configparams force-mem-access 1' command is executed.
09:47:20 INFO  : Context for 'APU' is selected.
09:47:21 INFO  : 'ps7_init' command is executed.
09:47:21 INFO  : 'ps7_post_config' command is executed.
09:47:21 INFO  : 'configparams mdm-detect-bscan-mask 2' command is executed.
09:47:21 INFO  : Context for processor 'microblaze_0' is selected.
09:47:21 INFO  : The application 'F:/DMD_Projects/project_3/project_3.sdk/MB_Hello/Debug/MB_Hello.elf' is downloaded to processor 'microblaze_0'.
09:47:21 INFO  : 'configparams force-mem-access 0' command is executed.
09:47:21 INFO  : ----------------XSDB Script----------------
connect -url tcp:127.0.0.1:3121
source F:/DMD_Projects/project_3/project_3.sdk/design_1_wrapper_hw_platform_0/ps7_init.tcl
targets -set -nocase -filter {name =~"APU*" && jtag_cable_name =~ "Digilent Zed 210248447758"} -index 0
rst -system
after 3000
targets -set -filter {jtag_cable_name =~ "Digilent Zed 210248447758" && level==0} -index 1
fpga -file F:/DMD_Projects/project_3/project_3.sdk/design_1_wrapper_hw_platform_0/design_1_wrapper.bit
targets -set -nocase -filter {name =~"APU*" && jtag_cable_name =~ "Digilent Zed 210248447758"} -index 0
loadhw -hw F:/DMD_Projects/project_3/project_3.sdk/design_1_wrapper_hw_platform_0/system.hdf -mem-ranges [list {0x40000000 0xbfffffff}]
configparams force-mem-access 1
targets -set -nocase -filter {name =~"APU*" && jtag_cable_name =~ "Digilent Zed 210248447758"} -index 0
ps7_init
ps7_post_config
configparams mdm-detect-bscan-mask 2
targets -set -nocase -filter {name =~ "microblaze*#0" && bscan=="USER2"  && jtag_cable_name =~ "Digilent Zed 210248447758"} -index 1
dow F:/DMD_Projects/project_3/project_3.sdk/MB_Hello/Debug/MB_Hello.elf
configparams force-mem-access 0
----------------End of Script----------------

09:47:21 INFO  : Memory regions updated for context APU
09:47:21 INFO  : Memory regions updated for context MicroBlaze #0
09:47:21 INFO  : Memory regions updated for context MicroBlaze #0
09:47:21 INFO  : Context for processor 'microblaze_0' is selected.
09:47:21 INFO  : 'con' command is executed.
09:47:21 INFO  : ----------------XSDB Script (After Launch)----------------
targets -set -nocase -filter {name =~ "microblaze*#0" && bscan=="USER2"  && jtag_cable_name =~ "Digilent Zed 210248447758"} -index 1
con
----------------End of Script----------------

09:47:21 INFO  : Launch script is exported to file 'F:\DMD_Projects\project_3\project_3.sdk\.sdk\launch_scripts\xilinx_c-c++_application_(system_debugger)\system_debugger_on_local.tcl'
09:47:28 INFO  : Disconnected from the channel tcfchan#11.
09:47:37 INFO  : Connected to target on host '127.0.0.1' and port '3121'.
09:47:38 INFO  : Jtag cable 'Digilent Zed 210248447758' is selected.
09:47:38 INFO  : 'jtag frequency' command is executed.
09:47:38 INFO  : Sourcing of 'F:/DMD_Projects/project_3/project_3.sdk/design_1_wrapper_hw_platform_0/ps7_init.tcl' is done.
09:47:38 INFO  : Context for 'APU' is selected.
09:47:38 INFO  : System reset is completed.
09:47:41 INFO  : 'after 3000' command is executed.
09:47:41 INFO  : 'targets -set -filter {jtag_cable_name =~ "Digilent Zed 210248447758" && level==0} -index 1' command is executed.
09:47:44 INFO  : FPGA configured successfully with bitstream "F:/DMD_Projects/project_3/project_3.sdk/design_1_wrapper_hw_platform_0/design_1_wrapper.bit"
09:47:44 INFO  : Context for 'APU' is selected.
09:47:44 INFO  : Hardware design information is loaded from 'F:/DMD_Projects/project_3/project_3.sdk/design_1_wrapper_hw_platform_0/system.hdf'.
09:47:44 INFO  : 'configparams force-mem-access 1' command is executed.
09:47:44 INFO  : Context for 'APU' is selected.
09:47:44 INFO  : 'ps7_init' command is executed.
09:47:44 INFO  : 'ps7_post_config' command is executed.
09:47:44 INFO  : 'configparams mdm-detect-bscan-mask 2' command is executed.
09:47:44 INFO  : Context for processor 'microblaze_0' is selected.
09:47:44 INFO  : The application 'F:/DMD_Projects/project_3/project_3.sdk/MB_Hello/Debug/MB_Hello.elf' is downloaded to processor 'microblaze_0'.
09:47:44 INFO  : 'configparams force-mem-access 0' command is executed.
09:47:44 INFO  : ----------------XSDB Script----------------
connect -url tcp:127.0.0.1:3121
source F:/DMD_Projects/project_3/project_3.sdk/design_1_wrapper_hw_platform_0/ps7_init.tcl
targets -set -nocase -filter {name =~"APU*" && jtag_cable_name =~ "Digilent Zed 210248447758"} -index 0
rst -system
after 3000
targets -set -filter {jtag_cable_name =~ "Digilent Zed 210248447758" && level==0} -index 1
fpga -file F:/DMD_Projects/project_3/project_3.sdk/design_1_wrapper_hw_platform_0/design_1_wrapper.bit
targets -set -nocase -filter {name =~"APU*" && jtag_cable_name =~ "Digilent Zed 210248447758"} -index 0
loadhw -hw F:/DMD_Projects/project_3/project_3.sdk/design_1_wrapper_hw_platform_0/system.hdf -mem-ranges [list {0x40000000 0xbfffffff}]
configparams force-mem-access 1
targets -set -nocase -filter {name =~"APU*" && jtag_cable_name =~ "Digilent Zed 210248447758"} -index 0
ps7_init
ps7_post_config
configparams mdm-detect-bscan-mask 2
targets -set -nocase -filter {name =~ "microblaze*#0" && bscan=="USER2"  && jtag_cable_name =~ "Digilent Zed 210248447758"} -index 1
dow F:/DMD_Projects/project_3/project_3.sdk/MB_Hello/Debug/MB_Hello.elf
configparams force-mem-access 0
----------------End of Script----------------

09:47:44 INFO  : Memory regions updated for context APU
09:47:44 INFO  : Memory regions updated for context MicroBlaze #0
09:47:44 INFO  : Memory regions updated for context MicroBlaze #0
09:47:44 INFO  : Context for processor 'microblaze_0' is selected.
09:47:44 INFO  : 'con' command is executed.
09:47:44 INFO  : ----------------XSDB Script (After Launch)----------------
targets -set -nocase -filter {name =~ "microblaze*#0" && bscan=="USER2"  && jtag_cable_name =~ "Digilent Zed 210248447758"} -index 1
con
----------------End of Script----------------

09:47:44 INFO  : Launch script is exported to file 'F:\DMD_Projects\project_3\project_3.sdk\.sdk\launch_scripts\xilinx_c-c++_application_(system_debugger)\system_debugger_on_local.tcl'
09:48:12 INFO  : Disconnected from the channel tcfchan#12.
09:49:08 INFO  : Connected to target on host '127.0.0.1' and port '3121'.
09:49:09 INFO  : Jtag cable 'Digilent Zed 210248447758' is selected.
09:49:09 INFO  : 'jtag frequency' command is executed.
09:49:09 INFO  : Sourcing of 'F:/DMD_Projects/project_3/project_3.sdk/design_1_wrapper_hw_platform_0/ps7_init.tcl' is done.
09:49:09 INFO  : Context for 'APU' is selected.
09:49:09 INFO  : System reset is completed.
09:49:12 INFO  : 'after 3000' command is executed.
09:49:12 INFO  : 'targets -set -filter {jtag_cable_name =~ "Digilent Zed 210248447758" && level==0} -index 1' command is executed.
09:49:15 INFO  : FPGA configured successfully with bitstream "F:/DMD_Projects/project_3/project_3.sdk/design_1_wrapper_hw_platform_0/design_1_wrapper.bit"
09:49:15 INFO  : Context for 'APU' is selected.
09:49:15 INFO  : Hardware design information is loaded from 'F:/DMD_Projects/project_3/project_3.sdk/design_1_wrapper_hw_platform_0/system.hdf'.
09:49:15 INFO  : 'configparams force-mem-access 1' command is executed.
09:49:15 INFO  : Context for 'APU' is selected.
09:49:15 INFO  : 'ps7_init' command is executed.
09:49:15 INFO  : 'ps7_post_config' command is executed.
09:49:15 INFO  : 'configparams mdm-detect-bscan-mask 2' command is executed.
09:49:15 INFO  : Context for processor 'microblaze_0' is selected.
09:49:15 INFO  : The application 'F:/DMD_Projects/project_3/project_3.sdk/MB_Hello/Debug/MB_Hello.elf' is downloaded to processor 'microblaze_0'.
09:49:15 INFO  : 'configparams force-mem-access 0' command is executed.
09:49:15 INFO  : ----------------XSDB Script----------------
connect -url tcp:127.0.0.1:3121
source F:/DMD_Projects/project_3/project_3.sdk/design_1_wrapper_hw_platform_0/ps7_init.tcl
targets -set -nocase -filter {name =~"APU*" && jtag_cable_name =~ "Digilent Zed 210248447758"} -index 0
rst -system
after 3000
targets -set -filter {jtag_cable_name =~ "Digilent Zed 210248447758" && level==0} -index 1
fpga -file F:/DMD_Projects/project_3/project_3.sdk/design_1_wrapper_hw_platform_0/design_1_wrapper.bit
targets -set -nocase -filter {name =~"APU*" && jtag_cable_name =~ "Digilent Zed 210248447758"} -index 0
loadhw -hw F:/DMD_Projects/project_3/project_3.sdk/design_1_wrapper_hw_platform_0/system.hdf -mem-ranges [list {0x40000000 0xbfffffff}]
configparams force-mem-access 1
targets -set -nocase -filter {name =~"APU*" && jtag_cable_name =~ "Digilent Zed 210248447758"} -index 0
ps7_init
ps7_post_config
configparams mdm-detect-bscan-mask 2
targets -set -nocase -filter {name =~ "microblaze*#0" && bscan=="USER2"  && jtag_cable_name =~ "Digilent Zed 210248447758"} -index 1
dow F:/DMD_Projects/project_3/project_3.sdk/MB_Hello/Debug/MB_Hello.elf
configparams force-mem-access 0
----------------End of Script----------------

09:49:15 INFO  : Memory regions updated for context APU
09:49:15 INFO  : Memory regions updated for context MicroBlaze #0
09:49:15 INFO  : Memory regions updated for context MicroBlaze #0
09:49:15 INFO  : Context for processor 'microblaze_0' is selected.
09:49:15 INFO  : 'con' command is executed.
09:49:15 INFO  : ----------------XSDB Script (After Launch)----------------
targets -set -nocase -filter {name =~ "microblaze*#0" && bscan=="USER2"  && jtag_cable_name =~ "Digilent Zed 210248447758"} -index 1
con
----------------End of Script----------------

09:49:15 INFO  : Launch script is exported to file 'F:\DMD_Projects\project_3\project_3.sdk\.sdk\launch_scripts\xilinx_c-c++_application_(system_debugger)\system_debugger_on_local.tcl'
09:49:49 INFO  : Disconnected from the channel tcfchan#13.
09:50:19 INFO  : Connected to target on host '127.0.0.1' and port '3121'.
09:50:20 INFO  : Jtag cable 'Digilent Zed 210248447758' is selected.
09:50:20 INFO  : 'jtag frequency' command is executed.
09:50:20 INFO  : Sourcing of 'F:/DMD_Projects/project_3/project_3.sdk/design_1_wrapper_hw_platform_0/ps7_init.tcl' is done.
09:50:20 INFO  : Context for 'APU' is selected.
09:50:20 INFO  : System reset is completed.
09:50:23 INFO  : 'after 3000' command is executed.
09:50:23 INFO  : 'targets -set -filter {jtag_cable_name =~ "Digilent Zed 210248447758" && level==0} -index 1' command is executed.
09:50:25 INFO  : FPGA configured successfully with bitstream "F:/DMD_Projects/project_3/project_3.sdk/design_1_wrapper_hw_platform_0/design_1_wrapper.bit"
09:50:25 INFO  : Context for 'APU' is selected.
09:50:26 INFO  : Hardware design information is loaded from 'F:/DMD_Projects/project_3/project_3.sdk/design_1_wrapper_hw_platform_0/system.hdf'.
09:50:26 INFO  : 'configparams force-mem-access 1' command is executed.
09:50:26 INFO  : Context for 'APU' is selected.
09:50:26 INFO  : 'ps7_init' command is executed.
09:50:26 INFO  : 'ps7_post_config' command is executed.
09:50:26 INFO  : 'configparams mdm-detect-bscan-mask 2' command is executed.
09:50:26 INFO  : Context for processor 'microblaze_0' is selected.
09:50:26 INFO  : The application 'F:/DMD_Projects/project_3/project_3.sdk/MB_Hello/Debug/MB_Hello.elf' is downloaded to processor 'microblaze_0'.
09:50:26 INFO  : 'configparams force-mem-access 0' command is executed.
09:50:26 INFO  : ----------------XSDB Script----------------
connect -url tcp:127.0.0.1:3121
source F:/DMD_Projects/project_3/project_3.sdk/design_1_wrapper_hw_platform_0/ps7_init.tcl
targets -set -nocase -filter {name =~"APU*" && jtag_cable_name =~ "Digilent Zed 210248447758"} -index 0
rst -system
after 3000
targets -set -filter {jtag_cable_name =~ "Digilent Zed 210248447758" && level==0} -index 1
fpga -file F:/DMD_Projects/project_3/project_3.sdk/design_1_wrapper_hw_platform_0/design_1_wrapper.bit
targets -set -nocase -filter {name =~"APU*" && jtag_cable_name =~ "Digilent Zed 210248447758"} -index 0
loadhw -hw F:/DMD_Projects/project_3/project_3.sdk/design_1_wrapper_hw_platform_0/system.hdf -mem-ranges [list {0x40000000 0xbfffffff}]
configparams force-mem-access 1
targets -set -nocase -filter {name =~"APU*" && jtag_cable_name =~ "Digilent Zed 210248447758"} -index 0
ps7_init
ps7_post_config
configparams mdm-detect-bscan-mask 2
targets -set -nocase -filter {name =~ "microblaze*#0" && bscan=="USER2"  && jtag_cable_name =~ "Digilent Zed 210248447758"} -index 1
dow F:/DMD_Projects/project_3/project_3.sdk/MB_Hello/Debug/MB_Hello.elf
configparams force-mem-access 0
----------------End of Script----------------

09:50:26 INFO  : Memory regions updated for context APU
09:50:26 INFO  : Memory regions updated for context MicroBlaze #0
09:50:26 INFO  : Memory regions updated for context MicroBlaze #0
09:50:26 INFO  : Context for processor 'microblaze_0' is selected.
09:50:26 INFO  : 'con' command is executed.
09:50:26 INFO  : ----------------XSDB Script (After Launch)----------------
targets -set -nocase -filter {name =~ "microblaze*#0" && bscan=="USER2"  && jtag_cable_name =~ "Digilent Zed 210248447758"} -index 1
con
----------------End of Script----------------

09:50:26 INFO  : Launch script is exported to file 'F:\DMD_Projects\project_3\project_3.sdk\.sdk\launch_scripts\xilinx_c-c++_application_(system_debugger)\system_debugger_on_local.tcl'
09:50:55 INFO  : Disconnected from the channel tcfchan#14.
09:50:57 INFO  : Connected to target on host '127.0.0.1' and port '3121'.
09:50:57 INFO  : Jtag cable 'Digilent Zed 210248447758' is selected.
09:50:57 INFO  : 'jtag frequency' command is executed.
09:50:57 INFO  : Sourcing of 'F:/DMD_Projects/project_3/project_3.sdk/design_1_wrapper_hw_platform_0/ps7_init.tcl' is done.
09:50:57 INFO  : Context for 'APU' is selected.
09:50:58 INFO  : System reset is completed.
09:51:01 INFO  : 'after 3000' command is executed.
09:51:01 INFO  : 'targets -set -filter {jtag_cable_name =~ "Digilent Zed 210248447758" && level==0} -index 1' command is executed.
09:51:03 INFO  : FPGA configured successfully with bitstream "F:/DMD_Projects/project_3/project_3.sdk/design_1_wrapper_hw_platform_0/design_1_wrapper.bit"
09:51:03 INFO  : Context for 'APU' is selected.
09:51:03 INFO  : Hardware design information is loaded from 'F:/DMD_Projects/project_3/project_3.sdk/design_1_wrapper_hw_platform_0/system.hdf'.
09:51:03 INFO  : 'configparams force-mem-access 1' command is executed.
09:51:03 INFO  : Context for 'APU' is selected.
09:51:04 INFO  : 'ps7_init' command is executed.
09:51:04 INFO  : 'ps7_post_config' command is executed.
09:51:04 INFO  : 'configparams mdm-detect-bscan-mask 2' command is executed.
09:51:04 INFO  : Context for processor 'microblaze_0' is selected.
09:51:04 INFO  : The application 'F:/DMD_Projects/project_3/project_3.sdk/MB_Hello/Debug/MB_Hello.elf' is downloaded to processor 'microblaze_0'.
09:51:04 INFO  : 'configparams force-mem-access 0' command is executed.
09:51:04 INFO  : ----------------XSDB Script----------------
connect -url tcp:127.0.0.1:3121
source F:/DMD_Projects/project_3/project_3.sdk/design_1_wrapper_hw_platform_0/ps7_init.tcl
targets -set -nocase -filter {name =~"APU*" && jtag_cable_name =~ "Digilent Zed 210248447758"} -index 0
rst -system
after 3000
targets -set -filter {jtag_cable_name =~ "Digilent Zed 210248447758" && level==0} -index 1
fpga -file F:/DMD_Projects/project_3/project_3.sdk/design_1_wrapper_hw_platform_0/design_1_wrapper.bit
targets -set -nocase -filter {name =~"APU*" && jtag_cable_name =~ "Digilent Zed 210248447758"} -index 0
loadhw -hw F:/DMD_Projects/project_3/project_3.sdk/design_1_wrapper_hw_platform_0/system.hdf -mem-ranges [list {0x40000000 0xbfffffff}]
configparams force-mem-access 1
targets -set -nocase -filter {name =~"APU*" && jtag_cable_name =~ "Digilent Zed 210248447758"} -index 0
ps7_init
ps7_post_config
configparams mdm-detect-bscan-mask 2
targets -set -nocase -filter {name =~ "microblaze*#0" && bscan=="USER2"  && jtag_cable_name =~ "Digilent Zed 210248447758"} -index 1
dow F:/DMD_Projects/project_3/project_3.sdk/MB_Hello/Debug/MB_Hello.elf
configparams force-mem-access 0
----------------End of Script----------------

09:51:04 INFO  : Memory regions updated for context APU
09:51:04 INFO  : Memory regions updated for context MicroBlaze #0
09:51:04 INFO  : Memory regions updated for context MicroBlaze #0
09:51:04 INFO  : Context for processor 'microblaze_0' is selected.
09:51:04 INFO  : 'con' command is executed.
09:51:04 INFO  : ----------------XSDB Script (After Launch)----------------
targets -set -nocase -filter {name =~ "microblaze*#0" && bscan=="USER2"  && jtag_cable_name =~ "Digilent Zed 210248447758"} -index 1
con
----------------End of Script----------------

09:51:04 INFO  : Launch script is exported to file 'F:\DMD_Projects\project_3\project_3.sdk\.sdk\launch_scripts\xilinx_c-c++_application_(system_debugger)\system_debugger_on_local.tcl'
09:52:02 INFO  : Disconnected from the channel tcfchan#15.
09:52:07 INFO  : Connected to target on host '127.0.0.1' and port '3121'.
09:52:07 INFO  : Jtag cable 'Digilent Zed 210248447758' is selected.
09:52:07 INFO  : 'jtag frequency' command is executed.
09:52:07 INFO  : Sourcing of 'F:/DMD_Projects/project_3/project_3.sdk/design_1_wrapper_hw_platform_0/ps7_init.tcl' is done.
09:52:07 INFO  : Context for 'APU' is selected.
09:52:07 INFO  : System reset is completed.
09:52:10 INFO  : 'after 3000' command is executed.
09:52:10 INFO  : 'targets -set -filter {jtag_cable_name =~ "Digilent Zed 210248447758" && level==0} -index 1' command is executed.
09:52:13 INFO  : FPGA configured successfully with bitstream "F:/DMD_Projects/project_3/project_3.sdk/design_1_wrapper_hw_platform_0/design_1_wrapper.bit"
09:52:13 INFO  : Context for 'APU' is selected.
09:52:13 INFO  : Hardware design information is loaded from 'F:/DMD_Projects/project_3/project_3.sdk/design_1_wrapper_hw_platform_0/system.hdf'.
09:52:13 INFO  : 'configparams force-mem-access 1' command is executed.
09:52:13 INFO  : Context for 'APU' is selected.
09:52:13 INFO  : 'ps7_init' command is executed.
09:52:13 INFO  : 'ps7_post_config' command is executed.
09:52:13 INFO  : 'configparams mdm-detect-bscan-mask 2' command is executed.
09:52:13 INFO  : Context for processor 'microblaze_0' is selected.
09:52:13 INFO  : The application 'F:/DMD_Projects/project_3/project_3.sdk/MB_Hello/Debug/MB_Hello.elf' is downloaded to processor 'microblaze_0'.
09:52:13 INFO  : 'configparams force-mem-access 0' command is executed.
09:52:13 INFO  : ----------------XSDB Script----------------
connect -url tcp:127.0.0.1:3121
source F:/DMD_Projects/project_3/project_3.sdk/design_1_wrapper_hw_platform_0/ps7_init.tcl
targets -set -nocase -filter {name =~"APU*" && jtag_cable_name =~ "Digilent Zed 210248447758"} -index 0
rst -system
after 3000
targets -set -filter {jtag_cable_name =~ "Digilent Zed 210248447758" && level==0} -index 1
fpga -file F:/DMD_Projects/project_3/project_3.sdk/design_1_wrapper_hw_platform_0/design_1_wrapper.bit
targets -set -nocase -filter {name =~"APU*" && jtag_cable_name =~ "Digilent Zed 210248447758"} -index 0
loadhw -hw F:/DMD_Projects/project_3/project_3.sdk/design_1_wrapper_hw_platform_0/system.hdf -mem-ranges [list {0x40000000 0xbfffffff}]
configparams force-mem-access 1
targets -set -nocase -filter {name =~"APU*" && jtag_cable_name =~ "Digilent Zed 210248447758"} -index 0
ps7_init
ps7_post_config
configparams mdm-detect-bscan-mask 2
targets -set -nocase -filter {name =~ "microblaze*#0" && bscan=="USER2"  && jtag_cable_name =~ "Digilent Zed 210248447758"} -index 1
dow F:/DMD_Projects/project_3/project_3.sdk/MB_Hello/Debug/MB_Hello.elf
configparams force-mem-access 0
----------------End of Script----------------

09:52:13 INFO  : Memory regions updated for context APU
09:52:13 INFO  : Memory regions updated for context MicroBlaze #0
09:52:13 INFO  : Memory regions updated for context MicroBlaze #0
09:52:13 INFO  : Context for processor 'microblaze_0' is selected.
09:52:13 INFO  : 'con' command is executed.
09:52:13 INFO  : ----------------XSDB Script (After Launch)----------------
targets -set -nocase -filter {name =~ "microblaze*#0" && bscan=="USER2"  && jtag_cable_name =~ "Digilent Zed 210248447758"} -index 1
con
----------------End of Script----------------

09:52:13 INFO  : Launch script is exported to file 'F:\DMD_Projects\project_3\project_3.sdk\.sdk\launch_scripts\xilinx_c-c++_application_(system_debugger)\system_debugger_on_local.tcl'
09:52:32 INFO  : Disconnected from the channel tcfchan#16.
09:52:34 INFO  : Connected to target on host '127.0.0.1' and port '3121'.
09:52:35 INFO  : Jtag cable 'Digilent Zed 210248447758' is selected.
09:52:35 INFO  : 'jtag frequency' command is executed.
09:52:35 INFO  : Sourcing of 'F:/DMD_Projects/project_3/project_3.sdk/design_1_wrapper_hw_platform_0/ps7_init.tcl' is done.
09:52:35 INFO  : Context for 'APU' is selected.
09:52:35 INFO  : System reset is completed.
09:52:38 INFO  : 'after 3000' command is executed.
09:52:38 INFO  : 'targets -set -filter {jtag_cable_name =~ "Digilent Zed 210248447758" && level==0} -index 1' command is executed.
09:52:41 INFO  : FPGA configured successfully with bitstream "F:/DMD_Projects/project_3/project_3.sdk/design_1_wrapper_hw_platform_0/design_1_wrapper.bit"
09:52:41 INFO  : Context for 'APU' is selected.
09:52:41 INFO  : Hardware design information is loaded from 'F:/DMD_Projects/project_3/project_3.sdk/design_1_wrapper_hw_platform_0/system.hdf'.
09:52:41 INFO  : 'configparams force-mem-access 1' command is executed.
09:52:41 INFO  : Context for 'APU' is selected.
09:52:41 INFO  : 'ps7_init' command is executed.
09:52:41 INFO  : 'ps7_post_config' command is executed.
09:52:41 INFO  : 'configparams mdm-detect-bscan-mask 2' command is executed.
09:52:41 INFO  : Context for processor 'microblaze_0' is selected.
09:52:41 INFO  : The application 'F:/DMD_Projects/project_3/project_3.sdk/MB_Hello/Debug/MB_Hello.elf' is downloaded to processor 'microblaze_0'.
09:52:41 INFO  : 'configparams force-mem-access 0' command is executed.
09:52:41 INFO  : ----------------XSDB Script----------------
connect -url tcp:127.0.0.1:3121
source F:/DMD_Projects/project_3/project_3.sdk/design_1_wrapper_hw_platform_0/ps7_init.tcl
targets -set -nocase -filter {name =~"APU*" && jtag_cable_name =~ "Digilent Zed 210248447758"} -index 0
rst -system
after 3000
targets -set -filter {jtag_cable_name =~ "Digilent Zed 210248447758" && level==0} -index 1
fpga -file F:/DMD_Projects/project_3/project_3.sdk/design_1_wrapper_hw_platform_0/design_1_wrapper.bit
targets -set -nocase -filter {name =~"APU*" && jtag_cable_name =~ "Digilent Zed 210248447758"} -index 0
loadhw -hw F:/DMD_Projects/project_3/project_3.sdk/design_1_wrapper_hw_platform_0/system.hdf -mem-ranges [list {0x40000000 0xbfffffff}]
configparams force-mem-access 1
targets -set -nocase -filter {name =~"APU*" && jtag_cable_name =~ "Digilent Zed 210248447758"} -index 0
ps7_init
ps7_post_config
configparams mdm-detect-bscan-mask 2
targets -set -nocase -filter {name =~ "microblaze*#0" && bscan=="USER2"  && jtag_cable_name =~ "Digilent Zed 210248447758"} -index 1
dow F:/DMD_Projects/project_3/project_3.sdk/MB_Hello/Debug/MB_Hello.elf
configparams force-mem-access 0
----------------End of Script----------------

09:52:41 INFO  : Memory regions updated for context APU
09:52:41 INFO  : Memory regions updated for context MicroBlaze #0
09:52:41 INFO  : Memory regions updated for context MicroBlaze #0
09:52:41 INFO  : Context for processor 'microblaze_0' is selected.
09:52:41 INFO  : 'con' command is executed.
09:52:41 INFO  : ----------------XSDB Script (After Launch)----------------
targets -set -nocase -filter {name =~ "microblaze*#0" && bscan=="USER2"  && jtag_cable_name =~ "Digilent Zed 210248447758"} -index 1
con
----------------End of Script----------------

09:52:41 INFO  : Launch script is exported to file 'F:\DMD_Projects\project_3\project_3.sdk\.sdk\launch_scripts\xilinx_c-c++_application_(system_debugger)\system_debugger_on_local.tcl'
09:52:52 INFO  : Disconnected from the channel tcfchan#17.
09:52:54 INFO  : Connected to target on host '127.0.0.1' and port '3121'.
09:52:55 INFO  : Jtag cable 'Digilent Zed 210248447758' is selected.
09:52:55 INFO  : 'jtag frequency' command is executed.
09:52:55 INFO  : Sourcing of 'F:/DMD_Projects/project_3/project_3.sdk/design_1_wrapper_hw_platform_0/ps7_init.tcl' is done.
09:52:55 INFO  : Context for 'APU' is selected.
09:52:55 INFO  : System reset is completed.
09:52:58 INFO  : 'after 3000' command is executed.
09:52:58 INFO  : 'targets -set -filter {jtag_cable_name =~ "Digilent Zed 210248447758" && level==0} -index 1' command is executed.
09:53:00 INFO  : FPGA configured successfully with bitstream "F:/DMD_Projects/project_3/project_3.sdk/design_1_wrapper_hw_platform_0/design_1_wrapper.bit"
09:53:00 INFO  : Context for 'APU' is selected.
09:53:00 INFO  : Hardware design information is loaded from 'F:/DMD_Projects/project_3/project_3.sdk/design_1_wrapper_hw_platform_0/system.hdf'.
09:53:00 INFO  : 'configparams force-mem-access 1' command is executed.
09:53:00 INFO  : Context for 'APU' is selected.
09:53:01 INFO  : 'ps7_init' command is executed.
09:53:01 INFO  : 'ps7_post_config' command is executed.
09:53:01 INFO  : 'configparams mdm-detect-bscan-mask 2' command is executed.
09:53:01 INFO  : Context for processor 'microblaze_0' is selected.
09:53:01 INFO  : The application 'F:/DMD_Projects/project_3/project_3.sdk/MB_Hello/Debug/MB_Hello.elf' is downloaded to processor 'microblaze_0'.
09:53:01 INFO  : 'configparams force-mem-access 0' command is executed.
09:53:01 INFO  : ----------------XSDB Script----------------
connect -url tcp:127.0.0.1:3121
source F:/DMD_Projects/project_3/project_3.sdk/design_1_wrapper_hw_platform_0/ps7_init.tcl
targets -set -nocase -filter {name =~"APU*" && jtag_cable_name =~ "Digilent Zed 210248447758"} -index 0
rst -system
after 3000
targets -set -filter {jtag_cable_name =~ "Digilent Zed 210248447758" && level==0} -index 1
fpga -file F:/DMD_Projects/project_3/project_3.sdk/design_1_wrapper_hw_platform_0/design_1_wrapper.bit
targets -set -nocase -filter {name =~"APU*" && jtag_cable_name =~ "Digilent Zed 210248447758"} -index 0
loadhw -hw F:/DMD_Projects/project_3/project_3.sdk/design_1_wrapper_hw_platform_0/system.hdf -mem-ranges [list {0x40000000 0xbfffffff}]
configparams force-mem-access 1
targets -set -nocase -filter {name =~"APU*" && jtag_cable_name =~ "Digilent Zed 210248447758"} -index 0
ps7_init
ps7_post_config
configparams mdm-detect-bscan-mask 2
targets -set -nocase -filter {name =~ "microblaze*#0" && bscan=="USER2"  && jtag_cable_name =~ "Digilent Zed 210248447758"} -index 1
dow F:/DMD_Projects/project_3/project_3.sdk/MB_Hello/Debug/MB_Hello.elf
configparams force-mem-access 0
----------------End of Script----------------

09:53:01 INFO  : Memory regions updated for context APU
09:53:01 INFO  : Memory regions updated for context MicroBlaze #0
09:53:01 INFO  : Memory regions updated for context MicroBlaze #0
09:53:01 INFO  : Context for processor 'microblaze_0' is selected.
09:53:01 INFO  : 'con' command is executed.
09:53:01 INFO  : ----------------XSDB Script (After Launch)----------------
targets -set -nocase -filter {name =~ "microblaze*#0" && bscan=="USER2"  && jtag_cable_name =~ "Digilent Zed 210248447758"} -index 1
con
----------------End of Script----------------

09:53:01 INFO  : Launch script is exported to file 'F:\DMD_Projects\project_3\project_3.sdk\.sdk\launch_scripts\xilinx_c-c++_application_(system_debugger)\system_debugger_on_local.tcl'
09:53:31 INFO  : Disconnected from the channel tcfchan#18.
09:53:33 INFO  : Connected to target on host '127.0.0.1' and port '3121'.
09:53:34 INFO  : Jtag cable 'Digilent Zed 210248447758' is selected.
09:53:34 INFO  : 'jtag frequency' command is executed.
09:53:34 INFO  : Sourcing of 'F:/DMD_Projects/project_3/project_3.sdk/design_1_wrapper_hw_platform_0/ps7_init.tcl' is done.
09:53:34 INFO  : Context for 'APU' is selected.
09:53:34 INFO  : System reset is completed.
09:53:37 INFO  : 'after 3000' command is executed.
09:53:37 INFO  : 'targets -set -filter {jtag_cable_name =~ "Digilent Zed 210248447758" && level==0} -index 1' command is executed.
09:53:39 INFO  : FPGA configured successfully with bitstream "F:/DMD_Projects/project_3/project_3.sdk/design_1_wrapper_hw_platform_0/design_1_wrapper.bit"
09:53:40 INFO  : Context for 'APU' is selected.
09:53:40 INFO  : Hardware design information is loaded from 'F:/DMD_Projects/project_3/project_3.sdk/design_1_wrapper_hw_platform_0/system.hdf'.
09:53:40 INFO  : 'configparams force-mem-access 1' command is executed.
09:53:40 INFO  : Context for 'APU' is selected.
09:53:40 INFO  : 'ps7_init' command is executed.
09:53:40 INFO  : 'ps7_post_config' command is executed.
09:53:40 INFO  : 'configparams mdm-detect-bscan-mask 2' command is executed.
09:53:40 INFO  : Context for processor 'microblaze_0' is selected.
09:53:40 INFO  : The application 'F:/DMD_Projects/project_3/project_3.sdk/MB_Hello/Debug/MB_Hello.elf' is downloaded to processor 'microblaze_0'.
09:53:40 INFO  : 'configparams force-mem-access 0' command is executed.
09:53:40 INFO  : ----------------XSDB Script----------------
connect -url tcp:127.0.0.1:3121
source F:/DMD_Projects/project_3/project_3.sdk/design_1_wrapper_hw_platform_0/ps7_init.tcl
targets -set -nocase -filter {name =~"APU*" && jtag_cable_name =~ "Digilent Zed 210248447758"} -index 0
rst -system
after 3000
targets -set -filter {jtag_cable_name =~ "Digilent Zed 210248447758" && level==0} -index 1
fpga -file F:/DMD_Projects/project_3/project_3.sdk/design_1_wrapper_hw_platform_0/design_1_wrapper.bit
targets -set -nocase -filter {name =~"APU*" && jtag_cable_name =~ "Digilent Zed 210248447758"} -index 0
loadhw -hw F:/DMD_Projects/project_3/project_3.sdk/design_1_wrapper_hw_platform_0/system.hdf -mem-ranges [list {0x40000000 0xbfffffff}]
configparams force-mem-access 1
targets -set -nocase -filter {name =~"APU*" && jtag_cable_name =~ "Digilent Zed 210248447758"} -index 0
ps7_init
ps7_post_config
configparams mdm-detect-bscan-mask 2
targets -set -nocase -filter {name =~ "microblaze*#0" && bscan=="USER2"  && jtag_cable_name =~ "Digilent Zed 210248447758"} -index 1
dow F:/DMD_Projects/project_3/project_3.sdk/MB_Hello/Debug/MB_Hello.elf
configparams force-mem-access 0
----------------End of Script----------------

09:53:40 INFO  : Memory regions updated for context APU
09:53:40 INFO  : Memory regions updated for context MicroBlaze #0
09:53:40 INFO  : Memory regions updated for context MicroBlaze #0
09:53:40 INFO  : Context for processor 'microblaze_0' is selected.
09:53:40 INFO  : 'con' command is executed.
09:53:40 INFO  : ----------------XSDB Script (After Launch)----------------
targets -set -nocase -filter {name =~ "microblaze*#0" && bscan=="USER2"  && jtag_cable_name =~ "Digilent Zed 210248447758"} -index 1
con
----------------End of Script----------------

09:53:40 INFO  : Launch script is exported to file 'F:\DMD_Projects\project_3\project_3.sdk\.sdk\launch_scripts\xilinx_c-c++_application_(system_debugger)\system_debugger_on_local.tcl'
09:53:56 INFO  : Disconnected from the channel tcfchan#19.
09:06:40 INFO  : Registering command handlers for SDK TCF services
09:06:43 INFO  : Launching XSCT server: xsct.bat -interactive F:\DMD_Projects\project_3\project_3.sdk\temp_xsdb_launch_script.tcl
09:06:49 INFO  : XSCT server has started successfully.
09:07:01 INFO  : Successfully done setting XSCT server connection channel  
09:07:01 INFO  : Successfully done setting SDK workspace  
09:07:01 INFO  : Processing command line option -hwspec F:/DMD_Projects/project_3/project_3.sdk/design_1_wrapper.hdf.
09:07:01 INFO  : Checking for hwspec changes in the project design_1_wrapper_hw_platform_0.
09:07:13 INFO  : SDK has detected change in the last modified timestamps for source hardware specification file Source:1544511645795,  Project:1543300870228
09:07:13 INFO  : The hardware specification for project 'design_1_wrapper_hw_platform_0' is different from F:/DMD_Projects/project_3/project_3.sdk/design_1_wrapper.hdf.
09:07:13 INFO  : Copied contents of F:/DMD_Projects/project_3/project_3.sdk/design_1_wrapper.hdf into \design_1_wrapper_hw_platform_0\system.hdf.
09:08:03 INFO  : Synchronizing projects in the workspace with the hardware platform specification changes.
09:08:20 INFO  : 
09:08:25 INFO  : 
09:08:26 INFO  : Updating hardware inferred compiler options for ARM_TEST.
09:08:29 INFO  : Updating hardware inferred compiler options for MB_Hello.
09:08:29 INFO  : Clearing existing target manager status.
12:12:34 INFO  : Registering command handlers for SDK TCF services
12:12:36 INFO  : Launching XSCT server: xsct.bat -interactive D:\Downloads\project_3\project_3\project_3.sdk\temp_xsdb_launch_script.tcl
12:12:42 INFO  : XSCT server has started successfully.
12:12:42 INFO  : Successfully done setting XSCT server connection channel  
12:12:48 INFO  : Successfully done setting SDK workspace  
12:12:48 INFO  : Processing command line option -hwspec D:/Downloads/project_3/project_3/project_3.sdk/design_1_wrapper.hdf.
21:10:58 INFO  : Registering command handlers for SDK TCF services
21:10:59 INFO  : Launching XSCT server: xsct.bat -interactive D:\Downloads\project_3\project_3\project_3.sdk\temp_xsdb_launch_script.tcl
21:11:06 INFO  : XSCT server has started successfully.
21:11:06 INFO  : Successfully done setting XSCT server connection channel  
21:11:12 INFO  : Successfully done setting SDK workspace  
21:11:12 INFO  : Processing command line option -hwspec D:/Downloads/project_3/project_3/project_3.sdk/design_1_wrapper.hdf.
21:11:12 INFO  : Checking for hwspec changes in the project design_1_wrapper_hw_platform_1.
21:11:25 INFO  : SDK has detected change in the last modified timestamps for source hardware specification file Source:1548616176299,  Project:1544511645795
21:11:25 INFO  : The hardware specification for project 'design_1_wrapper_hw_platform_1' is different from D:/Downloads/project_3/project_3/project_3.sdk/design_1_wrapper.hdf.
21:11:25 INFO  : Copied contents of D:/Downloads/project_3/project_3/project_3.sdk/design_1_wrapper.hdf into \design_1_wrapper_hw_platform_1\system.hdf.
21:11:31 INFO  : Synchronizing projects in the workspace with the hardware platform specification changes.
21:11:31 INFO  : Clearing existing target manager status.
21:11:31 INFO  : Workspace synchronized with the new hardware specification file. Cleaning dependent projects...
21:11:31 WARN  : Linker script will not be updated automatically. Users need to update it manually.
